04/03/08 01:17:19  - Building message catalogs...
04/03/08 01:17:19  - Building Linux x86 install...  
04/03/08 01:17:19  - Building main.tcl...
04/03/08 01:17:19  - Refreshing file groups...
04/03/08 01:17:22  - Getting file list...
04/03/08 01:17:23  - Building file manifest...
04/03/08 01:17:23  - Saving install information...
04/03/08 01:17:25  - Building install...
04/03/08 01:17:25  - Wrapping install files...
04/03/08 01:17:36  - Linux x86 build completed in 00m17s.
04/03/08 01:17:36  - Installer size is 4.45 MB.
04/03/08 01:17:36  - Building Windows install...  
04/03/08 01:17:36  - Building main.tcl...
04/03/08 01:17:36  - Refreshing file groups...
04/03/08 01:17:37  - Getting file list...
04/03/08 01:17:38  - Building file manifest...
04/03/08 01:17:38  - Saving install information...
04/03/08 01:17:39  - Building install...
04/03/08 01:17:39  - Wrapping install files...
04/03/08 01:17:41  - Windows build completed in 00m05s.
04/03/08 01:17:41  - Installer size is 4.33 MB.
04/03/08 01:17:41  - Build completed in 00m22s.
04/03/08 01:37:26  - Building message catalogs...
04/03/08 01:37:26  - Building Linux x86 install...  
04/03/08 01:37:26  - Building main.tcl...
04/03/08 01:37:26  - Refreshing file groups...
04/03/08 01:37:27  - Getting file list...
04/03/08 01:37:27  - Building file manifest...
04/03/08 01:37:27  - Saving install information...
04/03/08 01:37:28  - Building install...
04/03/08 01:37:29  - Wrapping install files...
04/03/08 01:37:30  - Linux x86 build completed in 00m04s.
04/03/08 01:37:30  - Installer size is 4.45 MB.
04/03/08 01:37:30  - Building Windows install...  
04/03/08 01:37:30  - Building main.tcl...
04/03/08 01:37:30  - Refreshing file groups...
04/03/08 01:37:30  - Getting file list...
04/03/08 01:37:31  - Building file manifest...
04/03/08 01:37:31  - Saving install information...
04/03/08 01:37:32  - Building install...
04/03/08 01:37:32  - Wrapping install files...
04/03/08 01:37:35  - Windows build completed in 00m05s.
04/03/08 01:37:35  - Installer size is 4.33 MB.
04/03/08 01:37:35  - Build completed in 00m09s.
04/03/08 01:41:56  - Building message catalogs...
04/03/08 01:41:56  - Building Linux x86 install...  
04/03/08 01:41:56  - Building main.tcl...
04/03/08 01:41:56  - Refreshing file groups...
04/03/08 01:41:57  - Getting file list...
04/03/08 01:41:58  - Building file manifest...
04/03/08 01:41:58  - Saving install information...
04/03/08 01:41:59  - Building install...
04/03/08 01:41:59  - Wrapping install files...
04/03/08 01:42:00  - Linux x86 build completed in 00m04s.
04/03/08 01:42:00  - Installer size is 4.45 MB.
04/03/08 01:42:00  - Building Windows install...  
04/03/08 01:42:00  - Building main.tcl...
04/03/08 01:42:00  - Refreshing file groups...
04/03/08 01:42:00  - Getting file list...
04/03/08 01:42:01  - Building file manifest...
04/03/08 01:42:01  - Saving install information...
04/03/08 01:42:02  - Building install...
04/03/08 01:42:02  - Wrapping install files...
04/03/08 01:42:04  - Windows build completed in 00m04s.
04/03/08 01:42:04  - Installer size is 4.33 MB.
04/03/08 01:42:04  - Build completed in 00m08s.
04/03/08 03:23:45  - Building message catalogs...
04/03/08 03:23:45  - Building Linux x86 install...  
04/03/08 03:23:45  - Building main.tcl...
04/03/08 03:23:45  - Refreshing file groups...
04/03/08 03:23:46  - Getting file list...
04/03/08 03:23:47  - Building file manifest...
04/03/08 03:23:47  - Saving install information...
04/03/08 03:23:48  - Building install...
04/03/08 03:23:48  - Wrapping install files...
04/03/08 03:23:52  - Linux x86 build completed in 00m07s.
04/03/08 03:23:52  - Installer size is 8.72 MB.
04/03/08 03:23:52  - Building Windows install...  
04/03/08 03:23:52  - Building main.tcl...
04/03/08 03:23:52  - Refreshing file groups...
04/03/08 03:23:53  - Getting file list...
04/03/08 03:23:54  - Building file manifest...
04/03/08 03:23:54  - Saving install information...
04/03/08 03:23:55  - Building install...
04/03/08 03:23:55  - Wrapping install files...
04/03/08 03:23:58  - Windows build completed in 00m06s.
04/03/08 03:23:58  - Installer size is 8.59 MB.
04/03/08 03:23:58  - Build completed in 00m13s.
04/03/08 03:29:14  - Building message catalogs...
04/03/08 03:29:14  - Building Linux x86 install...  
04/03/08 03:29:14  - Building main.tcl...
04/03/08 03:29:14  - Refreshing file groups...
04/03/08 03:29:15  - Getting file list...
04/03/08 03:29:16  - Building file manifest...
04/03/08 03:29:16  - Saving install information...
04/03/08 03:29:17  - Building install...
04/03/08 03:29:17  - Wrapping install files...
04/03/08 03:29:21  - Linux x86 build completed in 00m07s.
04/03/08 03:29:21  - Installer size is 8.72 MB.
04/03/08 03:29:21  - Building Windows install...  
04/03/08 03:29:21  - Building main.tcl...
04/03/08 03:29:21  - Refreshing file groups...
04/03/08 03:29:21  - Getting file list...
04/03/08 03:29:22  - Building file manifest...
04/03/08 03:29:22  - Saving install information...
04/03/08 03:29:23  - Building install...
04/03/08 03:29:24  - Wrapping install files...
04/03/08 03:29:26  - Windows build completed in 00m05s.
04/03/08 03:29:26  - Installer size is 8.59 MB.
04/03/08 03:29:26  - Build completed in 00m12s.
04/03/08 03:50:05  - Building message catalogs...
04/03/08 03:50:05  - Building Linux x86 install...  
04/03/08 03:50:05  - Building main.tcl...
04/03/08 03:50:05  - Refreshing file groups...
04/03/08 03:50:05  - Getting file list...
04/03/08 03:50:06  - Building file manifest...
04/03/08 03:50:06  - Saving install information...
04/03/08 03:50:07  - Building install...
04/03/08 03:50:07  - Wrapping install files...
04/03/08 03:50:11  - Linux x86 build completed in 00m06s.
04/03/08 03:50:11  - Installer size is 8.72 MB.
04/03/08 03:50:11  - Building Windows install...  
04/03/08 03:50:11  - Building main.tcl...
04/03/08 03:50:11  - Refreshing file groups...
04/03/08 03:50:11  - Getting file list...
04/03/08 03:50:12  - Building file manifest...
04/03/08 03:50:12  - Saving install information...
04/03/08 03:50:13  - Building install...
04/03/08 03:50:13  - Wrapping install files...
04/03/08 03:50:16  - Windows build completed in 00m05s.
04/03/08 03:50:16  - Installer size is 8.59 MB.
04/03/08 03:50:16  - Build completed in 00m11s.
04/03/08 03:57:36  - Building message catalogs...
04/03/08 03:57:36  - Building Linux x86 install...  
04/03/08 03:57:36  - Building main.tcl...
04/03/08 03:57:36  - Refreshing file groups...
04/03/08 03:57:37  - Getting file list...
04/03/08 03:57:38  - Building file manifest...
04/03/08 03:57:38  - Saving install information...
04/03/08 03:57:39  - Building install...
04/03/08 03:57:39  - Wrapping install files...
04/03/08 03:57:42  - Linux x86 build completed in 00m06s.
04/03/08 03:57:42  - Installer size is 8.72 MB.
04/03/08 03:57:42  - Building Windows install...  
04/03/08 03:57:42  - Building main.tcl...
04/03/08 03:57:42  - Refreshing file groups...
04/03/08 03:57:43  - Getting file list...
04/03/08 03:57:44  - Building file manifest...
04/03/08 03:57:44  - Saving install information...
04/03/08 03:57:45  - Building install...
04/03/08 03:57:45  - Wrapping install files...
04/03/08 03:57:48  - Windows build completed in 00m06s.
04/03/08 03:57:48  - Installer size is 8.59 MB.
04/03/08 03:57:48  - Build completed in 00m12s.
04/03/08 04:05:20  - Building message catalogs...
04/03/08 04:05:20  - Building Linux x86 install...  
04/03/08 04:05:20  - Building main.tcl...
04/03/08 04:05:20  - Refreshing file groups...
04/03/08 04:05:20  - Getting file list...
04/03/08 04:05:21  - File '/home/xavier/informatica/progs_meus/chronojump/chronojump/releases/chronojump-0.6.2.5/linux/.chronojump.sh.swp' does not exist!
04/03/08 04:05:21  - Linux x86 build completed with errors
04/03/08 04:05:21  - Building Windows install...  
04/03/08 04:05:21  - Building main.tcl...
04/03/08 04:05:21  - Refreshing file groups...
04/03/08 04:05:22  - Getting file list...
04/03/08 04:05:23  - File '/home/xavier/informatica/progs_meus/chronojump/chronojump/releases/chronojump-0.6.2.5/linux/.chronojump.sh.swp' does not exist!
04/03/08 04:05:23  - Windows build completed with errors
04/03/08 04:05:23  - Build completed in 00m03s.
04/03/08 04:08:49  - Building message catalogs...
04/03/08 04:08:49  - Building Linux x86 install...  
04/03/08 04:08:49  - Building main.tcl...
04/03/08 04:08:49  - Refreshing file groups...
04/03/08 04:08:50  - Getting file list...
04/03/08 04:08:51  - Building file manifest...
04/03/08 04:08:51  - Saving install information...
04/03/08 04:08:52  - Building install...
04/03/08 04:08:52  - Wrapping install files...
04/03/08 04:08:55  - Linux x86 build completed in 00m06s.
04/03/08 04:08:55  - Installer size is 8.72 MB.
04/03/08 04:08:55  - Building Windows install...  
04/03/08 04:08:55  - Building main.tcl...
04/03/08 04:08:55  - Refreshing file groups...
04/03/08 04:08:56  - Getting file list...
04/03/08 04:08:57  - Building file manifest...
04/03/08 04:08:57  - Saving install information...
04/03/08 04:08:58  - Building install...
04/03/08 04:08:58  - Wrapping install files...
04/03/08 04:09:00  - Windows build completed in 00m05s.
04/03/08 04:09:00  - Installer size is 8.59 MB.
04/03/08 04:09:00  - Build completed in 00m11s.
04/03/08 05:04:20  - Building message catalogs...
04/03/08 05:04:20  - Building Linux x86 install...  
04/03/08 05:04:20  - Building main.tcl...
04/03/08 05:04:20  - Refreshing file groups...
04/03/08 05:04:21  - Getting file list...
04/03/08 05:04:22  - Building file manifest...
04/03/08 05:04:22  - Saving install information...
04/03/08 05:04:23  - Building install...
04/03/08 05:04:23  - Wrapping install files...
04/03/08 05:04:25  - Linux x86 build completed in 00m05s.
04/03/08 05:04:25  - Installer size is 7.40 MB.
04/03/08 05:04:25  - Building Windows install...  
04/03/08 05:04:25  - Building main.tcl...
04/03/08 05:04:25  - Refreshing file groups...
04/03/08 05:04:25  - Getting file list...
04/03/08 05:04:26  - Building file manifest...
04/03/08 05:04:26  - Saving install information...
04/03/08 05:04:27  - Building install...
04/03/08 05:04:27  - Wrapping install files...
04/03/08 05:04:29  - Windows build completed in 00m04s.
04/03/08 05:04:29  - Installer size is 7.27 MB.
04/03/08 05:04:29  - Build completed in 00m09s.
04/03/08 05:46:27  - Building message catalogs...
04/03/08 05:46:27  - Building Linux x86 install...  
04/03/08 05:46:27  - Building main.tcl...
04/03/08 05:46:27  - Refreshing file groups...
04/03/08 05:46:27  - Getting file list...
04/03/08 05:46:28  - Building file manifest...
04/03/08 05:46:28  - Saving install information...
04/03/08 05:46:29  - Building install...
04/03/08 05:46:30  - Wrapping install files...
04/03/08 05:46:32  - Linux x86 build completed in 00m05s.
04/03/08 05:46:32  - Installer size is 7.42 MB.
04/03/08 05:46:32  - Building Windows install...  
04/03/08 05:46:32  - Building main.tcl...
04/03/08 05:46:32  - Refreshing file groups...
04/03/08 05:46:32  - Getting file list...
04/03/08 05:46:33  - Building file manifest...
04/03/08 05:46:33  - Saving install information...
04/03/08 05:46:34  - Building install...
04/03/08 05:46:34  - Wrapping install files...
04/03/08 05:46:36  - Windows build completed in 00m04s.
04/03/08 05:46:36  - Installer size is 7.30 MB.
04/03/08 05:46:36  - Build completed in 00m09s.
04/03/08 05:59:22  - Building message catalogs...
04/03/08 05:59:22  - Building Linux x86 install...  
04/03/08 05:59:22  - Building main.tcl...
04/03/08 05:59:22  - Refreshing file groups...
04/03/08 05:59:23  - Getting file list...
04/03/08 05:59:24  - Building file manifest...
04/03/08 05:59:24  - Saving install information...
04/03/08 05:59:25  - Building install...
04/03/08 05:59:25  - Wrapping install files...
04/03/08 05:59:27  - Linux x86 build completed in 00m05s.
04/03/08 05:59:27  - Installer size is 7.42 MB.
04/03/08 05:59:27  - Building Windows install...  
04/03/08 05:59:27  - Building main.tcl...
04/03/08 05:59:27  - Refreshing file groups...
04/03/08 05:59:27  - Getting file list...
04/03/08 05:59:28  - Building file manifest...
04/03/08 05:59:28  - Saving install information...
04/03/08 05:59:29  - Building install...
04/03/08 05:59:29  - Wrapping install files...
04/03/08 05:59:32  - Windows build completed in 00m05s.
04/03/08 05:59:32  - Installer size is 7.30 MB.
04/03/08 05:59:32  - Build completed in 00m10s.
04/03/08 06:03:27  - Building message catalogs...
04/03/08 06:03:27  - Building Linux x86 install...  
04/03/08 06:03:27  - Building main.tcl...
04/03/08 06:03:27  - Refreshing file groups...
04/03/08 06:03:27  - Getting file list...
04/03/08 06:03:28  - Building file manifest...
04/03/08 06:03:28  - Saving install information...
04/03/08 06:03:29  - Building install...
04/03/08 06:03:29  - Wrapping install files...
04/03/08 06:03:31  - Linux x86 build completed in 00m04s.
04/03/08 06:03:31  - Installer size is 7.42 MB.
04/03/08 06:03:31  - Building Windows install...  
04/03/08 06:03:31  - Building main.tcl...
04/03/08 06:03:31  - Refreshing file groups...
04/03/08 06:03:32  - Getting file list...
04/03/08 06:03:33  - Building file manifest...
04/03/08 06:03:33  - Saving install information...
04/03/08 06:03:34  - Building install...
04/03/08 06:03:34  - Wrapping install files...
04/03/08 06:03:36  - Windows build completed in 00m05s.
04/03/08 06:03:36  - Installer size is 7.30 MB.
04/03/08 06:03:36  - Build completed in 00m09s.
04/06/08 07:33:06  - Building message catalogs...
04/06/08 07:33:06  - Building Linux x86 install...  
04/06/08 07:33:06  - Building main.tcl...
04/06/08 07:33:06  - Refreshing file groups...
04/06/08 07:33:07  - Getting file list...
04/06/08 07:33:08  - Building file manifest...
04/06/08 07:33:08  - Saving install information...
04/06/08 07:33:09  - Building install...
04/06/08 07:33:09  - Wrapping install files...
04/06/08 07:33:22  - Linux x86 build completed in 00m16s.
04/06/08 07:33:22  - Installer size is 7.41 MB.
04/06/08 07:33:22  - Building Windows install...  
04/06/08 07:33:22  - Building main.tcl...
04/06/08 07:33:22  - Refreshing file groups...
04/06/08 07:33:22  - Getting file list...
04/06/08 07:33:23  - Building file manifest...
04/06/08 07:33:23  - Saving install information...
04/06/08 07:33:24  - Building install...
04/06/08 07:33:25  - Wrapping install files...
04/06/08 07:33:28  - Windows build completed in 00m06s.
04/06/08 07:33:28  - Installer size is 7.28 MB.
04/06/08 07:33:28  - Build completed in 00m22s.
04/06/08 08:25:29  - Building message catalogs...
04/06/08 08:25:29  - Building Linux x86 install...  
04/06/08 08:25:29  - Building main.tcl...
04/06/08 08:25:29  - Refreshing file groups...
04/06/08 08:25:29  - Getting file list...
04/06/08 08:25:30  - Building file manifest...
04/06/08 08:25:30  - Saving install information...
04/06/08 08:25:31  - Building install...
04/06/08 08:25:31  - Wrapping install files...
04/06/08 08:25:33  - Linux x86 build completed in 00m04s.
04/06/08 08:25:33  - Installer size is 7.41 MB.
04/06/08 08:25:33  - Building Windows install...  
04/06/08 08:25:33  - Building main.tcl...
04/06/08 08:25:33  - Refreshing file groups...
04/06/08 08:25:34  - Getting file list...
04/06/08 08:25:35  - Building file manifest...
04/06/08 08:25:35  - Saving install information...
04/06/08 08:25:36  - Building install...
04/06/08 08:25:36  - Wrapping install files...
04/06/08 08:25:38  - Windows build completed in 00m05s.
04/06/08 08:25:38  - Installer size is 7.28 MB.
04/06/08 08:25:38  - Build completed in 00m09s.
04/06/08 08:28:55  - Building message catalogs...
04/06/08 08:28:55  - Building Linux x86 install...  
04/06/08 08:28:55  - Building main.tcl...
04/06/08 08:28:55  - Refreshing file groups...
04/06/08 08:28:55  - Getting file list...
04/06/08 08:28:56  - Building file manifest...
04/06/08 08:28:56  - Saving install information...
04/06/08 08:28:57  - Building install...
04/06/08 08:28:57  - Wrapping install files...
04/06/08 08:28:59  - Linux x86 build completed in 00m04s.
04/06/08 08:28:59  - Installer size is 7.41 MB.
04/06/08 08:28:59  - Building Windows install...  
04/06/08 08:28:59  - Building main.tcl...
04/06/08 08:28:59  - Refreshing file groups...
04/06/08 08:29:00  - Getting file list...
04/06/08 08:29:00  - Building file manifest...
04/06/08 08:29:01  - Saving install information...
04/06/08 08:29:02  - Building install...
04/06/08 08:29:02  - Wrapping install files...
04/06/08 08:29:04  - Windows build completed in 00m05s.
04/06/08 08:29:04  - Installer size is 7.28 MB.
04/06/08 08:29:04  - Build completed in 00m09s.
04/06/08 08:30:57  - Building message catalogs...
04/06/08 08:30:57  - Building Linux x86 install...  
04/06/08 08:30:57  - Building main.tcl...
04/06/08 08:30:57  - Refreshing file groups...
04/06/08 08:30:57  - Getting file list...
04/06/08 08:30:58  - Building file manifest...
04/06/08 08:30:58  - Saving install information...
04/06/08 08:30:59  - Building install...
04/06/08 08:30:59  - Wrapping install files...
04/06/08 08:31:01  - Linux x86 build completed in 00m04s.
04/06/08 08:31:01  - Installer size is 7.41 MB.
04/06/08 08:31:01  - Building Windows install...  
04/06/08 08:31:01  - Building main.tcl...
04/06/08 08:31:01  - Refreshing file groups...
04/06/08 08:31:01  - Getting file list...
04/06/08 08:31:02  - Building file manifest...
04/06/08 08:31:02  - Saving install information...
04/06/08 08:31:03  - Building install...
04/06/08 08:31:03  - Wrapping install files...
04/06/08 08:31:05  - Windows build completed in 00m04s.
04/06/08 08:31:05  - Installer size is 7.28 MB.
04/06/08 08:31:05  - Build completed in 00m08s.
04/06/08 08:32:38  - Building message catalogs...
04/06/08 08:32:38  - Building Linux x86 install...  
04/06/08 08:32:38  - Building main.tcl...
04/06/08 08:32:38  - Refreshing file groups...
04/06/08 08:32:39  - Getting file list...
04/06/08 08:32:39  - Building file manifest...
04/06/08 08:32:39  - Saving install information...
04/06/08 08:32:40  - Building install...
04/06/08 08:32:41  - Wrapping install files...
04/06/08 08:32:42  - Linux x86 build completed in 00m04s.
04/06/08 08:32:42  - Installer size is 7.41 MB.
04/06/08 08:32:42  - Building Windows install...  
04/06/08 08:32:42  - Building main.tcl...
04/06/08 08:32:42  - Refreshing file groups...
04/06/08 08:32:43  - Getting file list...
04/06/08 08:32:44  - Building file manifest...
04/06/08 08:32:44  - Saving install information...
04/06/08 08:32:45  - Building install...
04/06/08 08:32:45  - Wrapping install files...
04/06/08 08:32:49  - Windows build completed in 00m07s.
04/06/08 08:32:49  - Installer size is 7.28 MB.
04/06/08 08:32:49  - Build completed in 00m11s.
04/06/08 08:34:59  - Building message catalogs...
04/06/08 08:34:59  - Building Linux x86 install...  
04/06/08 08:34:59  - Building main.tcl...
04/06/08 08:34:59  - Refreshing file groups...
04/06/08 08:34:59  - Getting file list...
04/06/08 08:35:00  - Building file manifest...
04/06/08 08:35:00  - Saving install information...
04/06/08 08:35:01  - Building install...
04/06/08 08:35:01  - Wrapping install files...
04/06/08 08:35:03  - Linux x86 build completed in 00m04s.
04/06/08 08:35:03  - Installer size is 7.41 MB.
04/06/08 08:35:03  - Building Windows install...  
04/06/08 08:35:03  - Building main.tcl...
04/06/08 08:35:03  - Refreshing file groups...
04/06/08 08:35:03  - Getting file list...
04/06/08 08:35:04  - Building file manifest...
04/06/08 08:35:04  - Saving install information...
04/06/08 08:35:05  - Building install...
04/06/08 08:35:06  - Wrapping install files...
04/06/08 08:35:08  - Windows build completed in 00m05s.
04/06/08 08:35:08  - Installer size is 7.28 MB.
04/06/08 08:35:08  - Build completed in 00m09s.
04/06/08 08:37:23  - Building message catalogs...
04/06/08 08:37:23  - Building Linux x86 install...  
04/06/08 08:37:23  - Building main.tcl...
04/06/08 08:37:23  - Refreshing file groups...
04/06/08 08:37:23  - Getting file list...
04/06/08 08:37:24  - Building file manifest...
04/06/08 08:37:24  - Saving install information...
04/06/08 08:37:25  - Building install...
04/06/08 08:37:25  - Wrapping install files...
04/06/08 08:37:27  - Linux x86 build completed in 00m04s.
04/06/08 08:37:27  - Installer size is 7.41 MB.
04/06/08 08:37:27  - Building Windows install...  
04/06/08 08:37:27  - Building main.tcl...
04/06/08 08:37:27  - Refreshing file groups...
04/06/08 08:37:27  - Getting file list...
04/06/08 08:37:28  - Building file manifest...
04/06/08 08:37:28  - Saving install information...
04/06/08 08:37:29  - Building install...
04/06/08 08:37:30  - Wrapping install files...
04/06/08 08:37:32  - Windows build completed in 00m05s.
04/06/08 08:37:32  - Installer size is 7.28 MB.
04/06/08 08:37:32  - Build completed in 00m09s.
04/06/08 08:39:23  - Building message catalogs...
04/06/08 08:39:23  - Building Linux x86 install...  
04/06/08 08:39:23  - Building main.tcl...
04/06/08 08:39:23  - Refreshing file groups...
04/06/08 08:39:23  - Getting file list...
04/06/08 08:39:24  - Building file manifest...
04/06/08 08:39:24  - Saving install information...
04/06/08 08:39:25  - Building install...
04/06/08 08:39:25  - Wrapping install files...
04/06/08 08:39:27  - Linux x86 build completed in 00m04s.
04/06/08 08:39:27  - Installer size is 7.41 MB.
04/06/08 08:39:27  - Building Windows install...  
04/06/08 08:39:27  - Building main.tcl...
04/06/08 08:39:27  - Refreshing file groups...
04/06/08 08:39:28  - Getting file list...
04/06/08 08:39:29  - Building file manifest...
04/06/08 08:39:29  - Saving install information...
04/06/08 08:39:30  - Building install...
04/06/08 08:39:30  - Wrapping install files...
04/06/08 08:39:33  - Windows build completed in 00m06s.
04/06/08 08:39:33  - Installer size is 7.28 MB.
04/06/08 08:39:33  - Build completed in 00m10s.
04/06/08 08:44:03  - Building message catalogs...
04/06/08 08:44:03  - Building Linux x86 install...  
04/06/08 08:44:03  - Building main.tcl...
04/06/08 08:44:03  - Refreshing file groups...
04/06/08 08:44:03  - Getting file list...
04/06/08 08:44:04  - Building file manifest...
04/06/08 08:44:04  - Saving install information...
04/06/08 08:44:05  - Building install...
04/06/08 08:44:05  - Wrapping install files...
04/06/08 08:44:07  - Linux x86 build completed in 00m04s.
04/06/08 08:44:07  - Installer size is 7.41 MB.
04/06/08 08:44:07  - Building Windows install...  
04/06/08 08:44:07  - Building main.tcl...
04/06/08 08:44:07  - Refreshing file groups...
04/06/08 08:44:07  - Getting file list...
04/06/08 08:44:08  - Building file manifest...
04/06/08 08:44:08  - Saving install information...
04/06/08 08:44:09  - Building install...
04/06/08 08:44:09  - Wrapping install files...
04/06/08 08:44:12  - Windows build completed in 00m05s.
04/06/08 08:44:12  - Installer size is 7.28 MB.
04/06/08 08:44:12  - Build completed in 00m09s.
04/06/08 08:52:40  - Building message catalogs...
04/06/08 08:52:40  - Building Linux x86 install...  
04/06/08 08:52:40  - Building main.tcl...
04/06/08 08:52:40  - Refreshing file groups...
04/06/08 08:52:41  - Getting file list...
04/06/08 08:52:41  - Building file manifest...
04/06/08 08:52:42  - Saving install information...
04/06/08 08:52:42  - Building install...
04/06/08 08:52:43  - Wrapping install files...
04/06/08 08:52:45  - Linux x86 build completed in 00m05s.
04/06/08 08:52:45  - Installer size is 7.41 MB.
04/06/08 08:52:45  - Building Windows install...  
04/06/08 08:52:45  - Building main.tcl...
04/06/08 08:52:45  - Refreshing file groups...
04/06/08 08:52:45  - Getting file list...
04/06/08 08:52:46  - Building file manifest...
04/06/08 08:52:46  - Saving install information...
04/06/08 08:52:47  - Building install...
04/06/08 08:52:47  - Wrapping install files...
04/06/08 08:52:49  - Windows build completed in 00m04s.
04/06/08 08:52:49  - Installer size is 7.28 MB.
04/06/08 08:52:49  - Build completed in 00m09s.
04/06/08 09:05:33  - Building message catalogs...
04/06/08 09:05:33  - Building Linux x86 install...  
04/06/08 09:05:33  - Rebuilding without repackaging files...
04/06/08 09:05:33  - Building main.tcl...
04/06/08 09:05:33  - Saving install information...
04/06/08 09:05:34  - Building install...
04/06/08 09:05:34  - Linux x86 build completed in 00m01s.
04/06/08 09:05:34  - Installer size is 7.56 MB.
04/06/08 09:05:34  - Building Windows install...  
04/06/08 09:05:34  - Rebuilding without repackaging files...
04/06/08 09:05:34  - Building main.tcl...
04/06/08 09:05:34  - Saving install information...
04/06/08 09:05:35  - Building install...
04/06/08 09:05:36  - Windows build completed in 00m02s.
04/06/08 09:05:36  - Installer size is 7.44 MB.
04/06/08 09:05:36  - Build completed in 00m03s.
04/06/08 09:07:14  - Building message catalogs...
04/06/08 09:07:14  - Building Linux x86 install...  
04/06/08 09:07:14  - Rebuilding without repackaging files...
04/06/08 09:07:14  - Building main.tcl...
04/06/08 09:07:14  - Saving install information...
04/06/08 09:07:15  - Building install...
04/06/08 09:07:15  - Linux x86 build completed in 00m01s.
04/06/08 09:07:15  - Installer size is 7.72 MB.
04/06/08 09:07:15  - Building Windows install...  
04/06/08 09:07:15  - Rebuilding without repackaging files...
04/06/08 09:07:15  - Building main.tcl...
04/06/08 09:07:15  - Saving install information...
04/06/08 09:07:16  - Building install...
04/06/08 09:07:16  - Windows build completed in 00m01s.
04/06/08 09:07:16  - Installer size is 7.59 MB.
04/06/08 09:07:16  - Build completed in 00m02s.
04/06/08 09:19:10  - Building message catalogs...
04/06/08 09:19:10  - Building Linux x86 install...  
04/06/08 09:19:10  - Building main.tcl...
04/06/08 09:19:10  - Refreshing file groups...
04/06/08 09:19:11  - Getting file list...
04/06/08 09:19:12  - Building file manifest...
04/06/08 09:19:12  - Saving install information...
04/06/08 09:19:13  - Building install...
04/06/08 09:19:13  - Wrapping install files...
04/06/08 09:19:15  - Linux x86 build completed in 00m05s.
04/06/08 09:19:15  - Installer size is 7.41 MB.
04/06/08 09:19:15  - Building Windows install...  
04/06/08 09:19:15  - Building main.tcl...
04/06/08 09:19:15  - Refreshing file groups...
04/06/08 09:19:15  - Getting file list...
04/06/08 09:19:16  - Building file manifest...
04/06/08 09:19:16  - Saving install information...
04/06/08 09:19:17  - Building install...
04/06/08 09:19:17  - Wrapping install files...
04/06/08 09:19:19  - Windows build completed in 00m04s.
04/06/08 09:19:19  - Installer size is 7.28 MB.
04/06/08 09:19:19  - Build completed in 00m09s.
04/06/08 09:35:06  - Building message catalogs...
04/06/08 09:35:06  - Building Linux x86 install...  
04/06/08 09:35:06  - Rebuilding without repackaging files...
04/06/08 09:35:06  - Building main.tcl...
04/06/08 09:35:06  - Saving install information...
04/06/08 09:35:07  - Building install...
04/06/08 09:35:07  - Linux x86 build completed in 00m01s.
04/06/08 09:35:07  - Installer size is 7.57 MB.
04/06/08 09:35:07  - Building Windows install...  
04/06/08 09:35:07  - Rebuilding without repackaging files...
04/06/08 09:35:07  - Building main.tcl...
04/06/08 09:35:07  - Saving install information...
04/06/08 09:35:08  - Building install...
04/06/08 09:35:09  - Windows build completed in 00m02s.
04/06/08 09:35:09  - Installer size is 7.44 MB.
04/06/08 09:35:09  - Build completed in 00m03s.
04/06/08 11:29:03  - Building message catalogs...
04/06/08 11:29:03  - Building Linux x86 install...  
04/06/08 11:29:03  - Building main.tcl...
04/06/08 11:29:03  - Refreshing file groups...
04/06/08 11:29:04  - Getting file list...
04/06/08 11:29:05  - Building file manifest...
04/06/08 11:29:05  - Saving install information...
04/06/08 11:29:06  - Building install...
04/06/08 11:29:06  - Wrapping install files...
04/06/08 11:29:08  - Linux x86 build completed in 00m05s.
04/06/08 11:29:08  - Installer size is 7.42 MB.
04/06/08 11:29:08  - Building Windows install...  
04/06/08 11:29:08  - Building main.tcl...
04/06/08 11:29:08  - Refreshing file groups...
04/06/08 11:29:08  - Getting file list...
04/06/08 11:29:09  - Building file manifest...
04/06/08 11:29:09  - Saving install information...
04/06/08 11:29:10  - Building install...
04/06/08 11:29:10  - Wrapping install files...
04/06/08 11:29:13  - Windows build completed in 00m05s.
04/06/08 11:29:13  - Installer size is 7.29 MB.
04/06/08 11:29:13  - Build completed in 00m10s.
04/06/08 11:30:02  - Building message catalogs...
04/06/08 11:30:02  - Building Linux x86 install...  
04/06/08 11:30:02  - Building main.tcl...
04/06/08 11:30:02  - Refreshing file groups...
04/06/08 11:30:02  - Getting file list...
04/06/08 11:30:03  - Building file manifest...
04/06/08 11:30:03  - Saving install information...
04/06/08 11:30:04  - Building install...
04/06/08 11:30:04  - Wrapping install files...
04/06/08 11:30:06  - Linux x86 build completed in 00m04s.
04/06/08 11:30:06  - Installer size is 7.42 MB.
04/06/08 11:30:06  - Building Windows install...  
04/06/08 11:30:06  - Building main.tcl...
04/06/08 11:30:06  - Refreshing file groups...
04/06/08 11:30:07  - Getting file list...
04/06/08 11:30:07  - Building file manifest...
04/06/08 11:30:07  - Saving install information...
04/06/08 11:30:08  - Building install...
04/06/08 11:30:08  - Wrapping install files...
04/06/08 11:30:11  - Windows build completed in 00m05s.
04/06/08 11:30:11  - Installer size is 7.29 MB.
04/06/08 11:30:11  - Build completed in 00m09s.
04/06/08 11:32:18  - Building message catalogs...
04/06/08 11:32:18  - Building Linux x86 install...  
04/06/08 11:32:18  - Rebuilding without repackaging files...
04/06/08 11:32:18  - Building main.tcl...
04/06/08 11:32:18  - Saving install information...
04/06/08 11:32:19  - Building install...
04/06/08 11:32:19  - Linux x86 build completed in 00m01s.
04/06/08 11:32:19  - Installer size is 7.57 MB.
04/06/08 11:32:19  - Building Windows install...  
04/06/08 11:32:19  - Rebuilding without repackaging files...
04/06/08 11:32:19  - Building main.tcl...
04/06/08 11:32:19  - Saving install information...
04/06/08 11:32:20  - Building install...
04/06/08 11:32:20  - Windows build completed in 00m01s.
04/06/08 11:32:20  - Installer size is 7.44 MB.
04/06/08 11:32:20  - Build completed in 00m02s.
04/06/08 11:36:27  - Building message catalogs...
04/06/08 11:36:27  - Building Linux x86 install...  
04/06/08 11:36:27  - Rebuilding without repackaging files...
04/06/08 11:36:27  - Building main.tcl...
04/06/08 11:36:27  - Saving install information...
04/06/08 11:36:28  - Building install...
04/06/08 11:36:28  - Linux x86 build completed in 00m01s.
04/06/08 11:36:28  - Installer size is 7.73 MB.
04/06/08 11:36:28  - Building Windows install...  
04/06/08 11:36:28  - Rebuilding without repackaging files...
04/06/08 11:36:28  - Building main.tcl...
04/06/08 11:36:28  - Saving install information...
04/06/08 11:36:30  - Building install...
04/06/08 11:36:30  - Windows build completed in 00m02s.
04/06/08 11:36:30  - Installer size is 7.60 MB.
04/06/08 11:36:30  - Build completed in 00m03s.
04/06/08 11:37:33  - Building message catalogs...
04/06/08 11:37:33  - Building Linux x86 install...  
04/06/08 11:37:33  - Rebuilding without repackaging files...
04/06/08 11:37:33  - Building main.tcl...
04/06/08 11:37:33  - Saving install information...
04/06/08 11:37:34  - Building install...
04/06/08 11:37:34  - Linux x86 build completed in 00m01s.
04/06/08 11:37:34  - Installer size is 7.89 MB.
04/06/08 11:37:34  - Building Windows install...  
04/06/08 11:37:34  - Rebuilding without repackaging files...
04/06/08 11:37:34  - Building main.tcl...
04/06/08 11:37:34  - Saving install information...
04/06/08 11:37:35  - Building install...
04/06/08 11:37:35  - Windows build completed in 00m01s.
04/06/08 11:37:35  - Installer size is 7.75 MB.
04/06/08 11:37:35  - Build completed in 00m02s.
04/06/08 11:47:31  - Building message catalogs...
04/06/08 11:47:31  - Building Linux x86 install...  
04/06/08 11:47:31  - Rebuilding without repackaging files...
04/06/08 11:47:31  - Building main.tcl...
04/06/08 11:47:31  - Saving install information...
04/06/08 11:47:32  - Building install...
04/06/08 11:47:32  - Linux x86 build completed in 00m01s.
04/06/08 11:47:32  - Installer size is 8.04 MB.
04/06/08 11:47:32  - Building Windows install...  
04/06/08 11:47:32  - Rebuilding without repackaging files...
04/06/08 11:47:32  - Building main.tcl...
04/06/08 11:47:32  - Saving install information...
04/06/08 11:47:33  - Building install...
04/06/08 11:47:33  - Windows build completed in 00m01s.
04/06/08 11:47:33  - Installer size is 7.91 MB.
04/06/08 11:47:33  - Build completed in 00m02s.
04/06/08 11:49:19  - Building message catalogs...
04/06/08 11:49:19  - Building Linux x86 install...  
04/06/08 11:49:19  - Rebuilding without repackaging files...
04/06/08 11:49:19  - Building main.tcl...
04/06/08 11:49:19  - Saving install information...
04/06/08 11:49:20  - Building install...
04/06/08 11:49:20  - Linux x86 build completed in 00m01s.
04/06/08 11:49:20  - Installer size is 8.20 MB.
04/06/08 11:49:20  - Building Windows install...  
04/06/08 11:49:20  - Rebuilding without repackaging files...
04/06/08 11:49:20  - Building main.tcl...
04/06/08 11:49:20  - Saving install information...
04/06/08 11:49:21  - Building install...
04/06/08 11:49:21  - Windows build completed in 00m01s.
04/06/08 11:49:21  - Installer size is 8.07 MB.
04/06/08 11:49:21  - Build completed in 00m02s.
04/06/08 11:51:11  - Building message catalogs...
04/06/08 11:51:11  - Building Linux x86 install...  
04/06/08 11:51:11  - Building main.tcl...
04/06/08 11:51:11  - Refreshing file groups...
04/06/08 11:51:11  - Getting file list...
04/06/08 11:51:12  - Building file manifest...
04/06/08 11:51:12  - Saving install information...
04/06/08 11:51:13  - Building install...
04/06/08 11:51:13  - Wrapping install files...
04/06/08 11:51:15  - Linux x86 build completed in 00m04s.
04/06/08 11:51:15  - Installer size is 7.42 MB.
04/06/08 11:51:15  - Building Windows install...  
04/06/08 11:51:15  - Building main.tcl...
04/06/08 11:51:15  - Refreshing file groups...
04/06/08 11:51:16  - Getting file list...
04/06/08 11:51:16  - Building file manifest...
04/06/08 11:51:17  - Saving install information...
04/06/08 11:51:17  - Building install...
04/06/08 11:51:18  - Wrapping install files...
04/06/08 11:51:20  - Windows build completed in 00m05s.
04/06/08 11:51:20  - Installer size is 7.29 MB.
04/06/08 11:51:20  - Build completed in 00m09s.
04/06/08 11:52:31  - Building message catalogs...
04/06/08 11:52:31  - Building Linux x86 install...  
04/06/08 11:52:31  - Building main.tcl...
04/06/08 11:52:31  - Refreshing file groups...
04/06/08 11:52:31  - Getting file list...
04/06/08 11:52:32  - Building file manifest...
04/06/08 11:52:32  - Saving install information...
04/06/08 11:52:33  - Building install...
04/06/08 11:52:33  - Wrapping install files...
04/06/08 11:52:35  - Linux x86 build completed in 00m04s.
04/06/08 11:52:35  - Installer size is 7.41 MB.
04/06/08 11:52:35  - Building Windows install...  
04/06/08 11:52:35  - Building main.tcl...
04/06/08 11:52:35  - Refreshing file groups...
04/06/08 11:52:36  - Getting file list...
04/06/08 11:52:36  - Building file manifest...
04/06/08 11:52:37  - Saving install information...
04/06/08 11:52:37  - Building install...
04/06/08 11:52:38  - Wrapping install files...
04/06/08 11:52:40  - Windows build completed in 00m05s.
04/06/08 11:52:40  - Installer size is 7.29 MB.
04/06/08 11:52:40  - Build completed in 00m09s.
04/06/08 11:53:44  - Building message catalogs...
04/06/08 11:53:44  - Building Linux x86 install...  
04/06/08 11:53:44  - Building main.tcl...
04/06/08 11:53:44  - Refreshing file groups...
04/06/08 11:53:45  - Getting file list...
04/06/08 11:53:46  - Building file manifest...
04/06/08 11:53:46  - Saving install information...
04/06/08 11:53:47  - Building install...
04/06/08 11:53:47  - Wrapping install files...
04/06/08 11:53:49  - Linux x86 build completed in 00m05s.
04/06/08 11:53:49  - Installer size is 7.41 MB.
04/06/08 11:53:49  - Building Windows install...  
04/06/08 11:53:49  - Building main.tcl...
04/06/08 11:53:49  - Refreshing file groups...
04/06/08 11:53:50  - Getting file list...
04/06/08 11:53:50  - Building file manifest...
04/06/08 11:53:50  - Saving install information...
04/06/08 11:53:51  - Building install...
04/06/08 11:53:51  - Wrapping install files...
04/06/08 11:53:53  - Windows build completed in 00m04s.
04/06/08 11:53:53  - Installer size is 7.29 MB.
04/06/08 11:53:53  - Build completed in 00m09s.
04/06/08 11:57:00  - Building message catalogs...
04/06/08 11:57:00  - Building Linux x86 install...  
04/06/08 11:57:00  - Building main.tcl...
04/06/08 11:57:00  - Refreshing file groups...
04/06/08 11:57:00  - Getting file list...
04/06/08 11:57:01  - Building file manifest...
04/06/08 11:57:01  - Saving install information...
04/06/08 11:57:02  - Building install...
04/06/08 11:57:02  - Wrapping install files...
04/06/08 11:57:04  - Linux x86 build completed in 00m04s.
04/06/08 11:57:04  - Installer size is 7.41 MB.
04/06/08 11:57:04  - Building Windows install...  
04/06/08 11:57:04  - Building main.tcl...
04/06/08 11:57:04  - Refreshing file groups...
04/06/08 11:57:05  - Getting file list...
04/06/08 11:57:06  - Building file manifest...
04/06/08 11:57:06  - Saving install information...
04/06/08 11:57:07  - Building install...
04/06/08 11:57:07  - Wrapping install files...
04/06/08 11:57:09  - Windows build completed in 00m05s.
04/06/08 11:57:09  - Installer size is 7.29 MB.
04/06/08 11:57:09  - Build completed in 00m09s.
04/06/08 11:58:06  - Building message catalogs...
04/06/08 11:58:06  - Building Linux x86 install...  
04/06/08 11:58:06  - Building main.tcl...
04/06/08 11:58:06  - Refreshing file groups...
04/06/08 11:58:06  - Getting file list...
04/06/08 11:58:07  - Building file manifest...
04/06/08 11:58:07  - Saving install information...
04/06/08 11:58:08  - Building install...
04/06/08 11:58:08  - Wrapping install files...
04/06/08 11:58:10  - Linux x86 build completed in 00m04s.
04/06/08 11:58:10  - Installer size is 7.41 MB.
04/06/08 11:58:10  - Building Windows install...  
04/06/08 11:58:10  - Building main.tcl...
04/06/08 11:58:10  - Refreshing file groups...
04/06/08 11:58:10  - Getting file list...
04/06/08 11:58:11  - Building file manifest...
04/06/08 11:58:11  - Saving install information...
04/06/08 11:58:12  - Building install...
04/06/08 11:58:12  - Wrapping install files...
04/06/08 11:58:15  - Windows build completed in 00m05s.
04/06/08 11:58:15  - Installer size is 7.29 MB.
04/06/08 11:58:15  - Build completed in 00m09s.
04/07/08 12:11:49  - Building message catalogs...
04/07/08 12:11:49  - Building Linux x86 install...  
04/07/08 12:11:49  - Building main.tcl...
04/07/08 12:11:49  - Refreshing file groups...
04/07/08 12:11:50  - Getting file list...
04/07/08 12:11:50  - Building file manifest...
04/07/08 12:11:51  - Saving install information...
04/07/08 12:11:51  - Building install...
04/07/08 12:11:52  - Wrapping install files...
04/07/08 12:11:53  - Linux x86 build completed in 00m04s.
04/07/08 12:11:53  - Installer size is 7.42 MB.
04/07/08 12:11:54  - Building Windows install...  
04/07/08 12:11:54  - Building main.tcl...
04/07/08 12:11:54  - Refreshing file groups...
04/07/08 12:11:54  - Getting file list...
04/07/08 12:11:55  - Building file manifest...
04/07/08 12:11:55  - Saving install information...
04/07/08 12:11:56  - Building install...
04/07/08 12:11:56  - Wrapping install files...
04/07/08 12:11:59  - Windows build completed in 00m06s.
04/07/08 12:11:59  - Installer size is 7.29 MB.
04/07/08 12:11:59  - Build completed in 00m10s.
04/07/08 12:13:19  - Building message catalogs...
04/07/08 12:13:19  - Building Linux x86 install...  
04/07/08 12:13:19  - Building main.tcl...
04/07/08 12:13:19  - Refreshing file groups...
04/07/08 12:13:19  - Getting file list...
04/07/08 12:13:20  - Building file manifest...
04/07/08 12:13:20  - Saving install information...
04/07/08 12:13:21  - Building install...
04/07/08 12:13:21  - Wrapping install files...
04/07/08 12:13:23  - Linux x86 build completed in 00m04s.
04/07/08 12:13:23  - Installer size is 7.41 MB.
04/07/08 12:13:23  - Building Windows install...  
04/07/08 12:13:23  - Building main.tcl...
04/07/08 12:13:23  - Refreshing file groups...
04/07/08 12:13:24  - Getting file list...
04/07/08 12:13:25  - Building file manifest...
04/07/08 12:13:25  - Saving install information...
04/07/08 12:13:26  - Building install...
04/07/08 12:13:26  - Wrapping install files...
04/07/08 12:13:28  - Windows build completed in 00m05s.
04/07/08 12:13:28  - Installer size is 7.29 MB.
04/07/08 12:13:28  - Build completed in 00m09s.
04/07/08 12:14:15  - Building message catalogs...
04/07/08 12:14:15  - Building Linux x86 install...  
04/07/08 12:14:15  - Building main.tcl...
04/07/08 12:14:15  - Refreshing file groups...
04/07/08 12:14:15  - Getting file list...
04/07/08 12:14:16  - Building file manifest...
04/07/08 12:14:16  - Saving install information...
04/07/08 12:14:17  - Building install...
04/07/08 12:14:17  - Wrapping install files...
04/07/08 12:14:19  - Linux x86 build completed in 00m04s.
04/07/08 12:14:19  - Installer size is 7.41 MB.
04/07/08 12:14:19  - Building Windows install...  
04/07/08 12:14:19  - Building main.tcl...
04/07/08 12:14:19  - Refreshing file groups...
04/07/08 12:14:20  - Getting file list...
04/07/08 12:14:21  - Building file manifest...
04/07/08 12:14:21  - Saving install information...
04/07/08 12:14:22  - Building install...
04/07/08 12:14:22  - Wrapping install files...
04/07/08 12:14:24  - Windows build completed in 00m05s.
04/07/08 12:14:24  - Installer size is 7.29 MB.
04/07/08 12:14:24  - Build completed in 00m09s.
04/14/08 03:39:00  - Building message catalogs...
04/14/08 03:39:00  - Building Linux x86 install...  
04/14/08 03:39:00  - Building main.tcl...
04/14/08 03:39:00  - Refreshing file groups...
04/14/08 03:39:01  - Getting file list...
04/14/08 03:39:02  - Building file manifest...
04/14/08 03:39:02  - Saving install information...
04/14/08 03:39:03  - Building install...
04/14/08 03:39:03  - Wrapping install files...
04/14/08 03:39:08  - Linux x86 build completed in 00m08s.
04/14/08 03:39:08  - Installer size is 7.41 MB.
04/14/08 03:39:08  - Building Windows install...  
04/14/08 03:39:08  - Building main.tcl...
04/14/08 03:39:08  - Refreshing file groups...
04/14/08 03:39:09  - Getting file list...
04/14/08 03:39:10  - Building file manifest...
04/14/08 03:39:10  - Saving install information...
04/14/08 03:39:11  - Building install...
04/14/08 03:39:11  - Wrapping install files...
04/14/08 03:39:13  - Windows build completed in 00m05s.
04/14/08 03:39:13  - Installer size is 7.28 MB.
04/14/08 03:39:13  - Build completed in 00m13s.
04/14/08 03:51:04  - Building message catalogs...
04/14/08 03:51:04  - Building Linux x86 install...  
04/14/08 03:51:04  - Building main.tcl...
04/14/08 03:51:04  - Refreshing file groups...
04/14/08 03:51:05  - Getting file list...
04/14/08 03:51:06  - Building file manifest...
04/14/08 03:51:06  - Saving install information...
04/14/08 03:51:07  - Building install...
04/14/08 03:51:07  - Wrapping install files...
04/14/08 03:51:09  - Linux x86 build completed in 00m05s.
04/14/08 03:51:09  - Installer size is 7.41 MB.
04/14/08 03:51:09  - Building Windows install...  
04/14/08 03:51:09  - Building main.tcl...
04/14/08 03:51:09  - Refreshing file groups...
04/14/08 03:51:09  - Getting file list...
04/14/08 03:51:10  - Building file manifest...
04/14/08 03:51:10  - Saving install information...
04/14/08 03:51:11  - Building install...
04/14/08 03:51:12  - Wrapping install files...
04/14/08 03:51:14  - Windows build completed in 00m05s.
04/14/08 03:51:14  - Installer size is 7.28 MB.
04/14/08 03:51:14  - Build completed in 00m10s.
04/14/08 03:58:54  - Building message catalogs...
04/14/08 03:58:54  - Building Linux x86 install...  
04/14/08 03:58:54  - Building main.tcl...
04/14/08 03:58:54  - Refreshing file groups...
04/14/08 03:58:55  - Getting file list...
04/14/08 03:58:55  - Building file manifest...
04/14/08 03:58:55  - Saving install information...
04/14/08 03:58:56  - Building install...
04/14/08 03:58:57  - Wrapping install files...
04/14/08 03:58:59  - Linux x86 build completed in 00m05s.
04/14/08 03:58:59  - Installer size is 7.41 MB.
04/14/08 03:58:59  - Building Windows install...  
04/14/08 03:58:59  - Building main.tcl...
04/14/08 03:58:59  - Refreshing file groups...
04/14/08 03:58:59  - Getting file list...
04/14/08 03:59:00  - Building file manifest...
04/14/08 03:59:00  - Saving install information...
04/14/08 03:59:01  - Building install...
04/14/08 03:59:01  - Wrapping install files...
04/14/08 03:59:04  - Windows build completed in 00m05s.
04/14/08 03:59:04  - Installer size is 7.28 MB.
04/14/08 03:59:04  - Build completed in 00m10s.
04/14/08 04:12:11  - Building message catalogs...
04/14/08 04:12:11  - Building Linux x86 install...  
04/14/08 04:12:11  - Building main.tcl...
04/14/08 04:12:11  - Refreshing file groups...
04/14/08 04:12:12  - Getting file list...
04/14/08 04:12:13  - Building file manifest...
04/14/08 04:12:13  - Saving install information...
04/14/08 04:12:14  - Building install...
04/14/08 04:12:14  - Wrapping install files...
04/14/08 04:12:17  - Linux x86 build completed in 00m06s.
04/14/08 04:12:17  - Installer size is 7.41 MB.
04/14/08 04:12:17  - Building Windows install...  
04/14/08 04:12:17  - Building main.tcl...
04/14/08 04:12:17  - Refreshing file groups...
04/14/08 04:12:18  - Getting file list...
04/14/08 04:12:19  - Building file manifest...
04/14/08 04:12:19  - Saving install information...
04/14/08 04:12:20  - Building install...
04/14/08 04:12:20  - Wrapping install files...
04/14/08 04:12:33  - Windows build completed in 00m16s.
04/14/08 04:12:33  - Installer size is 76.89 MB.
04/14/08 04:12:33  - Build completed in 00m22s.
04/14/08 04:25:50  - Building message catalogs...
04/14/08 04:25:50  - Building Linux x86 install...  
04/14/08 04:25:50  - Building main.tcl...
04/14/08 04:25:50  - Refreshing file groups...
04/14/08 04:25:50  - Getting file list...
04/14/08 04:25:51  - Building file manifest...
04/14/08 04:25:51  - Saving install information...
04/14/08 04:25:52  - Building install...
04/14/08 04:25:52  - Wrapping install files...
04/14/08 04:25:55  - Linux x86 build completed in 00m05s.
04/14/08 04:25:55  - Installer size is 7.41 MB.
04/14/08 04:25:55  - Building Windows install...  
04/14/08 04:25:55  - Building main.tcl...
04/14/08 04:25:55  - Refreshing file groups...
04/14/08 04:25:56  - Getting file list...
04/14/08 04:25:56  - Building file manifest...
04/14/08 04:25:57  - Saving install information...
04/14/08 04:25:57  - Building install...
04/14/08 04:25:58  - Wrapping install files...
04/14/08 04:26:09  - Windows build completed in 00m14s.
04/14/08 04:26:09  - Installer size is 76.89 MB.
04/14/08 04:26:09  - Build completed in 00m19s.
04/14/08 04:28:57  - Building message catalogs...
04/14/08 04:28:57  - Building Linux x86 install...  
04/14/08 04:28:57  - Building main.tcl...
04/14/08 04:28:57  - Refreshing file groups...
04/14/08 04:28:57  - Getting file list...
04/14/08 04:28:58  - Building file manifest...
04/14/08 04:28:58  - Saving install information...
04/14/08 04:28:59  - Building install...
04/14/08 04:28:59  - Wrapping install files...
04/14/08 04:29:01  - Linux x86 build completed in 00m04s.
04/14/08 04:29:01  - Installer size is 7.41 MB.
04/14/08 04:29:01  - Building Windows install...  
04/14/08 04:29:01  - Building main.tcl...
04/14/08 04:29:01  - Refreshing file groups...
04/14/08 04:29:02  - Getting file list...
04/14/08 04:29:02  - Building file manifest...
04/14/08 04:29:02  - Saving install information...
04/14/08 04:29:03  - Building install...
04/14/08 04:29:03  - Wrapping install files...
04/14/08 04:29:14  - Windows build completed in 00m13s.
04/14/08 04:29:14  - Installer size is 76.89 MB.
04/14/08 04:29:14  - Build completed in 00m17s.
04/14/08 04:31:51  - Building message catalogs...
04/14/08 04:31:51  - Building Linux x86 install...  
04/14/08 04:31:51  - Building main.tcl...
04/14/08 04:31:51  - Refreshing file groups...
04/14/08 04:31:51  - Getting file list...
04/14/08 04:31:52  - Building file manifest...
04/14/08 04:31:52  - Saving install information...
04/14/08 04:31:53  - Building install...
04/14/08 04:31:53  - Wrapping install files...
04/14/08 04:31:55  - Linux x86 build completed in 00m04s.
04/14/08 04:31:55  - Installer size is 7.41 MB.
04/14/08 04:31:55  - Building Windows install...  
04/14/08 04:31:55  - Building main.tcl...
04/14/08 04:31:55  - Refreshing file groups...
04/14/08 04:31:56  - Getting file list...
04/14/08 04:31:57  - Building file manifest...
04/14/08 04:31:57  - Saving install information...
04/14/08 04:31:58  - Building install...
04/14/08 04:31:58  - Wrapping install files...
04/14/08 04:32:08  - Windows build completed in 00m13s.
04/14/08 04:32:08  - Installer size is 76.89 MB.
04/14/08 04:32:08  - Build completed in 00m17s.
04/14/08 04:35:52  - Building message catalogs...
04/14/08 04:35:52  - Building Linux x86 install...  
04/14/08 04:35:52  - Building main.tcl...
04/14/08 04:35:52  - Refreshing file groups...
04/14/08 04:35:52  - Getting file list...
04/14/08 04:35:53  - Building file manifest...
04/14/08 04:35:53  - Saving install information...
04/14/08 04:35:54  - Building install...
04/14/08 04:35:54  - Wrapping install files...
04/14/08 04:35:57  - Linux x86 build completed in 00m05s.
04/14/08 04:35:57  - Installer size is 7.41 MB.
04/14/08 04:35:57  - Building Windows install...  
04/14/08 04:35:57  - Building main.tcl...
04/14/08 04:35:57  - Refreshing file groups...
04/14/08 04:35:57  - Getting file list...
04/14/08 04:35:58  - Building file manifest...
04/14/08 04:35:58  - Saving install information...
04/14/08 04:35:59  - Building install...
04/14/08 04:35:59  - Wrapping install files...
04/14/08 04:36:10  - Windows build completed in 00m13s.
04/14/08 04:36:10  - Installer size is 76.89 MB.
04/14/08 04:36:10  - Build completed in 00m18s.
04/14/08 04:49:20  - Building message catalogs...
04/14/08 04:49:20  - Building Linux x86 install...  
04/14/08 04:49:20  - Building main.tcl...
04/14/08 04:49:20  - Refreshing file groups...
04/14/08 04:49:20  - Getting file list...
04/14/08 04:49:21  - Building file manifest...
04/14/08 04:49:21  - Saving install information...
04/14/08 04:49:22  - Building install...
04/14/08 04:49:22  - Wrapping install files...
04/14/08 04:49:25  - Linux x86 build completed in 00m05s.
04/14/08 04:49:25  - Installer size is 7.41 MB.
04/14/08 04:49:25  - Building Windows install...  
04/14/08 04:49:25  - Building main.tcl...
04/14/08 04:49:25  - Refreshing file groups...
04/14/08 04:49:25  - Getting file list...
04/14/08 04:49:26  - Building file manifest...
04/14/08 04:49:26  - Saving install information...
04/14/08 04:49:27  - Building install...
04/14/08 04:49:27  - Wrapping install files...
04/14/08 04:49:38  - Windows build completed in 00m13s.
04/14/08 04:49:38  - Installer size is 76.89 MB.
04/14/08 04:49:38  - Build completed in 00m18s.
04/14/08 05:21:01  - Building message catalogs...
04/14/08 05:21:01  - Building Linux x86 install...  
04/14/08 05:21:01  - Building main.tcl...
04/14/08 05:21:01  - Refreshing file groups...
04/14/08 05:21:01  - Getting file list...
04/14/08 05:21:02  - Building file manifest...
04/14/08 05:21:02  - Saving install information...
04/14/08 05:21:03  - Building install...
04/14/08 05:21:03  - Wrapping install files...
04/14/08 05:21:05  - Linux x86 build completed in 00m04s.
04/14/08 05:21:05  - Installer size is 7.41 MB.
04/14/08 05:21:05  - Building Windows install...  
04/14/08 05:21:05  - Building main.tcl...
04/14/08 05:21:05  - Refreshing file groups...
04/14/08 05:21:06  - Getting file list...
04/14/08 05:21:07  - Building file manifest...
04/14/08 05:21:07  - Saving install information...
04/14/08 05:21:08  - Building install...
04/14/08 05:21:08  - Wrapping install files...
04/14/08 05:21:18  - Windows build completed in 00m13s.
04/14/08 05:21:18  - Installer size is 76.89 MB.
04/14/08 05:21:18  - Build completed in 00m17s.
04/14/08 05:26:17  - Building message catalogs...
04/14/08 05:26:17  - Building Linux x86 install...  
04/14/08 05:26:17  - Building main.tcl...
04/14/08 05:26:17  - Refreshing file groups...
04/14/08 05:26:17  - Getting file list...
04/14/08 05:26:18  - Building file manifest...
04/14/08 05:26:18  - Saving install information...
04/14/08 05:26:19  - Building install...
04/14/08 05:26:19  - Wrapping install files...
04/14/08 05:26:22  - Linux x86 build completed in 00m05s.
04/14/08 05:26:22  - Installer size is 7.41 MB.
04/14/08 05:26:22  - Building Windows install...  
04/14/08 05:26:22  - Building main.tcl...
04/14/08 05:26:22  - Refreshing file groups...
04/14/08 05:26:22  - Getting file list...
04/14/08 05:26:23  - Building file manifest...
04/14/08 05:26:23  - Saving install information...
04/14/08 05:26:24  - Building install...
04/14/08 05:26:24  - Wrapping install files...
04/14/08 05:26:34  - Windows build completed in 00m12s.
04/14/08 05:26:34  - Installer size is 76.89 MB.
04/14/08 05:26:34  - Build completed in 00m17s.
04/14/08 05:28:03  - Building message catalogs...
04/14/08 05:28:03  - Building Linux x86 install...  
04/14/08 05:28:03  - Building main.tcl...
04/14/08 05:28:03  - Refreshing file groups...
04/14/08 05:28:03  - Getting file list...
04/14/08 05:28:04  - Building file manifest...
04/14/08 05:28:04  - Saving install information...
04/14/08 05:28:05  - Building install...
04/14/08 05:28:05  - Wrapping install files...
04/14/08 05:28:07  - Linux x86 build completed in 00m04s.
04/14/08 05:28:07  - Installer size is 7.41 MB.
04/14/08 05:28:07  - Building Windows install...  
04/14/08 05:28:07  - Building main.tcl...
04/14/08 05:28:07  - Refreshing file groups...
04/14/08 05:28:07  - Getting file list...
04/14/08 05:28:08  - Building file manifest...
04/14/08 05:28:08  - Saving install information...
04/14/08 05:28:09  - Building install...
04/14/08 05:28:09  - Wrapping install files...
04/14/08 05:28:19  - Windows build completed in 00m12s.
04/14/08 05:28:19  - Installer size is 76.89 MB.
04/14/08 05:28:19  - Build completed in 00m17s.
04/14/08 05:30:25  - Building message catalogs...
04/14/08 05:30:25  - Building Linux x86 install...  
04/14/08 05:30:25  - Building main.tcl...
04/14/08 05:30:25  - Refreshing file groups...
04/14/08 05:30:26  - Getting file list...
04/14/08 05:30:26  - Building file manifest...
04/14/08 05:30:26  - Saving install information...
04/14/08 05:30:27  - Building install...
04/14/08 05:30:27  - Wrapping install files...
04/14/08 05:30:29  - Linux x86 build completed in 00m04s.
04/14/08 05:30:29  - Installer size is 7.41 MB.
04/14/08 05:30:29  - Building Windows install...  
04/14/08 05:30:29  - Building main.tcl...
04/14/08 05:30:29  - Refreshing file groups...
04/14/08 05:30:30  - Getting file list...
04/14/08 05:30:31  - Building file manifest...
04/14/08 05:30:31  - Saving install information...
04/14/08 05:30:32  - Building install...
04/14/08 05:30:32  - Wrapping install files...
04/14/08 05:30:42  - Windows build completed in 00m13s.
04/14/08 05:30:42  - Installer size is 76.89 MB.
04/14/08 05:30:42  - Build completed in 00m17s.
04/14/08 05:34:44  - Building message catalogs...
04/14/08 05:34:44  - Building Linux x86 install...  
04/14/08 05:34:44  - Building main.tcl...
04/14/08 05:34:44  - Refreshing file groups...
04/14/08 05:34:44  - Getting file list...
04/14/08 05:34:45  - Building file manifest...
04/14/08 05:34:45  - Saving install information...
04/14/08 05:34:46  - Building install...
04/14/08 05:34:46  - Wrapping install files...
04/14/08 05:34:48  - Linux x86 build completed in 00m04s.
04/14/08 05:34:48  - Installer size is 7.41 MB.
04/14/08 05:34:48  - Building Windows install...  
04/14/08 05:34:48  - Building main.tcl...
04/14/08 05:34:48  - Refreshing file groups...
04/14/08 05:34:48  - Getting file list...
04/14/08 05:34:49  - Building file manifest...
04/14/08 05:34:49  - Saving install information...
04/14/08 05:34:50  - Building install...
04/14/08 05:34:50  - Wrapping install files...
04/14/08 05:35:01  - Windows build completed in 00m13s.
04/14/08 05:35:01  - Installer size is 76.89 MB.
04/14/08 05:35:01  - Build completed in 00m17s.
04/14/08 06:00:55  - Building message catalogs...
04/14/08 06:00:55  - Building Linux x86 install...  
04/14/08 06:00:55  - Building main.tcl...
04/14/08 06:00:55  - Refreshing file groups...
04/14/08 06:00:55  - Getting file list...
04/14/08 06:00:56  - Building file manifest...
04/14/08 06:00:56  - Saving install information...
04/14/08 06:00:57  - Building install...
04/14/08 06:00:57  - Wrapping install files...
04/14/08 06:00:59  - Linux x86 build completed in 00m04s.
04/14/08 06:00:59  - Installer size is 7.41 MB.
04/14/08 06:00:59  - Building Windows install...  
04/14/08 06:00:59  - Building main.tcl...
04/14/08 06:00:59  - Refreshing file groups...
04/14/08 06:01:00  - Getting file list...
04/14/08 06:01:00  - Building file manifest...
04/14/08 06:01:01  - Saving install information...
04/14/08 06:01:01  - Building install...
04/14/08 06:01:02  - Wrapping install files...
04/14/08 06:01:12  - Windows build completed in 00m13s.
04/14/08 06:01:12  - Installer size is 76.89 MB.
04/14/08 06:01:12  - Build completed in 00m17s.
04/14/08 06:06:33  - Building message catalogs...
04/14/08 06:06:33  - Building Linux x86 install...  
04/14/08 06:06:33  - Building main.tcl...
04/14/08 06:06:33  - Refreshing file groups...
04/14/08 06:06:33  - Getting file list...
04/14/08 06:06:34  - Building file manifest...
04/14/08 06:06:34  - Saving install information...
04/14/08 06:06:35  - Building install...
04/14/08 06:06:35  - Wrapping install files...
04/14/08 06:06:37  - Linux x86 build completed in 00m04s.
04/14/08 06:06:37  - Installer size is 7.41 MB.
04/14/08 06:06:37  - Building Windows install...  
04/14/08 06:06:37  - Building main.tcl...
04/14/08 06:06:37  - Refreshing file groups...
04/14/08 06:06:37  - Getting file list...
04/14/08 06:06:38  - Building file manifest...
04/14/08 06:06:38  - Saving install information...
04/14/08 06:06:39  - Building install...
04/14/08 06:06:39  - Wrapping install files...
04/14/08 06:06:49  - Windows build completed in 00m12s.
04/14/08 06:06:49  - Installer size is 76.89 MB.
04/14/08 06:06:49  - Build completed in 00m16s.
04/14/08 06:11:42  - Building message catalogs...
04/14/08 06:11:42  - Building Linux x86 install...  
04/14/08 06:11:42  - Building main.tcl...
04/14/08 06:11:42  - Refreshing file groups...
04/14/08 06:11:42  - Getting file list...
04/14/08 06:11:43  - Building file manifest...
04/14/08 06:11:43  - Saving install information...
04/14/08 06:11:44  - Building install...
04/14/08 06:11:44  - Wrapping install files...
04/14/08 06:11:47  - Linux x86 build completed in 00m05s.
04/14/08 06:11:47  - Installer size is 7.41 MB.
04/14/08 06:11:47  - Building Windows install...  
04/14/08 06:11:47  - Building main.tcl...
04/14/08 06:11:47  - Refreshing file groups...
04/14/08 06:11:47  - Getting file list...
04/14/08 06:11:48  - Building file manifest...
04/14/08 06:11:48  - Saving install information...
04/14/08 06:11:49  - Building install...
04/14/08 06:11:49  - Wrapping install files...
04/14/08 06:11:59  - Windows build completed in 00m12s.
04/14/08 06:11:59  - Installer size is 76.89 MB.
04/14/08 06:11:59  - Build completed in 00m17s.
04/14/08 06:12:36  - Building message catalogs...
04/14/08 06:12:36  - Building Linux x86 install...  
04/14/08 06:12:36  - Building main.tcl...
04/14/08 06:12:36  - Refreshing file groups...
04/14/08 06:12:36  - Getting file list...
04/14/08 06:12:37  - Building file manifest...
04/14/08 06:12:37  - Saving install information...
04/14/08 06:12:38  - Building install...
04/14/08 06:12:38  - Wrapping install files...
04/14/08 06:12:40  - Linux x86 build completed in 00m04s.
04/14/08 06:12:40  - Installer size is 7.41 MB.
04/14/08 06:12:40  - Building Windows install...  
04/14/08 06:12:40  - Building main.tcl...
04/14/08 06:12:40  - Refreshing file groups...
04/14/08 06:12:41  - Getting file list...
04/14/08 06:12:41  - Building file manifest...
04/14/08 06:12:41  - Saving install information...
04/14/08 06:12:42  - Building install...
04/14/08 06:12:42  - Wrapping install files...
04/14/08 06:12:54  - Windows build completed in 00m14s.
04/14/08 06:12:54  - Installer size is 76.89 MB.
04/14/08 06:12:54  - Build completed in 00m18s.
04/14/08 06:19:06  - Building message catalogs...
04/14/08 06:19:06  - Building Linux x86 install...  
04/14/08 06:19:06  - Building main.tcl...
04/14/08 06:19:06  - Refreshing file groups...
04/14/08 06:19:07  - Getting file list...
04/14/08 06:19:07  - Building file manifest...
04/14/08 06:19:08  - Saving install information...
04/14/08 06:19:08  - Building install...
04/14/08 06:19:09  - Wrapping install files...
04/14/08 06:19:10  - Linux x86 build completed in 00m04s.
04/14/08 06:19:10  - Installer size is 7.41 MB.
04/14/08 06:19:10  - Building Windows install...  
04/14/08 06:19:10  - Building main.tcl...
04/14/08 06:19:10  - Refreshing file groups...
04/14/08 06:19:11  - Getting file list...
04/14/08 06:19:12  - Building file manifest...
04/14/08 06:19:12  - Saving install information...
04/14/08 06:19:13  - Building install...
04/14/08 06:19:13  - Wrapping install files...
04/14/08 06:19:23  - Windows build completed in 00m13s.
04/14/08 06:19:23  - Installer size is 76.89 MB.
04/14/08 06:19:23  - Build completed in 00m17s.
